0 info it worked if it ends with ok
1 verbose cli [ '/usr/local/bin/node',
1 verbose cli   '/usr/local/bin/npm',
1 verbose cli   '-g',
1 verbose cli   'install',
1 verbose cli   'jit-grunt' ]
2 info using npm@3.10.8
3 info using node@v6.5.0
4 silly loadCurrentTree Starting
5 silly install loadCurrentTree
6 silly install readGlobalPackageData
7 silly fetchPackageMetaData jit-grunt
8 silly fetchNamedPackageData jit-grunt
9 silly mapToRegistry name jit-grunt
10 silly mapToRegistry using default registry
11 silly mapToRegistry registry https://registry.npmjs.org/
12 silly mapToRegistry data Result {
12 silly mapToRegistry   raw: 'jit-grunt',
12 silly mapToRegistry   scope: null,
12 silly mapToRegistry   escapedName: 'jit-grunt',
12 silly mapToRegistry   name: 'jit-grunt',
12 silly mapToRegistry   rawSpec: '',
12 silly mapToRegistry   spec: 'latest',
12 silly mapToRegistry   type: 'tag' }
13 silly mapToRegistry uri https://registry.npmjs.org/jit-grunt
14 verbose request uri https://registry.npmjs.org/jit-grunt
15 verbose request no auth needed
16 info attempt registry request try #1 at 7:17:28 PM
17 verbose request id 58156a709e966dff
18 http request GET https://registry.npmjs.org/jit-grunt
19 http 200 https://registry.npmjs.org/jit-grunt
20 verbose headers { server: 'CouchDB/1.5.0 (Erlang OTP/R16B03)',
20 verbose headers   etag: '"4E35A7LOEX34IZCTZAPD100YD"',
20 verbose headers   'content-type': 'application/json',
20 verbose headers   'content-encoding': 'gzip',
20 verbose headers   'cache-control': 'max-age=300',
20 verbose headers   'content-length': '6093',
20 verbose headers   'accept-ranges': 'bytes',
20 verbose headers   date: 'Mon, 12 Sep 2016 00:17:28 GMT',
20 verbose headers   via: '1.1 varnish',
20 verbose headers   age: '147',
20 verbose headers   connection: 'keep-alive',
20 verbose headers   'x-served-by': 'cache-dfw1843-DFW',
20 verbose headers   'x-cache': 'HIT',
20 verbose headers   'x-cache-hits': '1',
20 verbose headers   'x-timer': 'S1473639448.873250,VS0,VE0',
20 verbose headers   vary: 'Accept-Encoding' }
21 silly get cb [ 200,
21 silly get   { server: 'CouchDB/1.5.0 (Erlang OTP/R16B03)',
21 silly get     etag: '"4E35A7LOEX34IZCTZAPD100YD"',
21 silly get     'content-type': 'application/json',
21 silly get     'content-encoding': 'gzip',
21 silly get     'cache-control': 'max-age=300',
21 silly get     'content-length': '6093',
21 silly get     'accept-ranges': 'bytes',
21 silly get     date: 'Mon, 12 Sep 2016 00:17:28 GMT',
21 silly get     via: '1.1 varnish',
21 silly get     age: '147',
21 silly get     connection: 'keep-alive',
21 silly get     'x-served-by': 'cache-dfw1843-DFW',
21 silly get     'x-cache': 'HIT',
21 silly get     'x-cache-hits': '1',
21 silly get     'x-timer': 'S1473639448.873250,VS0,VE0',
21 silly get     vary: 'Accept-Encoding' } ]
22 verbose get saving jit-grunt to /var/root/.npm/registry.npmjs.org/jit-grunt/.cache.json
23 verbose correctMkdir /var/root/.npm correctMkdir not in flight; initializing
24 silly install normalizeTree
25 silly loadCurrentTree Finishing
26 silly loadIdealTree Starting
27 silly install loadIdealTree
28 silly cloneCurrentTree Starting
29 silly install cloneCurrentTreeToIdealTree
30 silly cloneCurrentTree Finishing
31 silly loadShrinkwrap Starting
32 silly install loadShrinkwrap
33 silly loadShrinkwrap Finishing
34 silly loadAllDepsIntoIdealTree Starting
35 silly install loadAllDepsIntoIdealTree
36 silly resolveWithNewModule jit-grunt@0.10.0 checking installable status
37 silly cache add args [ 'jit-grunt', null ]
38 verbose cache add spec jit-grunt
39 silly cache add parsed spec Result {
39 silly cache add   raw: 'jit-grunt',
39 silly cache add   scope: null,
39 silly cache add   escapedName: 'jit-grunt',
39 silly cache add   name: 'jit-grunt',
39 silly cache add   rawSpec: '',
39 silly cache add   spec: 'latest',
39 silly cache add   type: 'tag' }
40 silly addNamed jit-grunt@latest
41 verbose addNamed "latest" is being treated as a dist-tag for jit-grunt
42 info addNameTag [ 'jit-grunt', 'latest' ]
43 silly mapToRegistry name jit-grunt
44 silly mapToRegistry using default registry
45 silly mapToRegistry registry https://registry.npmjs.org/
46 silly mapToRegistry data Result {
46 silly mapToRegistry   raw: 'jit-grunt',
46 silly mapToRegistry   scope: null,
46 silly mapToRegistry   escapedName: 'jit-grunt',
46 silly mapToRegistry   name: 'jit-grunt',
46 silly mapToRegistry   rawSpec: '',
46 silly mapToRegistry   spec: 'latest',
46 silly mapToRegistry   type: 'tag' }
47 silly mapToRegistry uri https://registry.npmjs.org/jit-grunt
48 verbose addNameTag registry:https://registry.npmjs.org/jit-grunt not in flight; fetching
49 verbose get https://registry.npmjs.org/jit-grunt not expired, no request
50 silly addNameTag next cb for jit-grunt with tag latest
51 silly addNamed jit-grunt@0.10.0
52 verbose addNamed "0.10.0" is a plain semver version for jit-grunt
53 silly mapToRegistry name jit-grunt
54 silly mapToRegistry using default registry
55 silly mapToRegistry registry https://registry.npmjs.org/
56 silly mapToRegistry data Result {
56 silly mapToRegistry   raw: 'jit-grunt',
56 silly mapToRegistry   scope: null,
56 silly mapToRegistry   escapedName: 'jit-grunt',
56 silly mapToRegistry   name: 'jit-grunt',
56 silly mapToRegistry   rawSpec: '',
56 silly mapToRegistry   spec: 'latest',
56 silly mapToRegistry   type: 'tag' }
57 silly mapToRegistry uri https://registry.npmjs.org/jit-grunt
58 verbose addRemoteTarball https://registry.npmjs.org/jit-grunt/-/jit-grunt-0.10.0.tgz not in flight; adding
59 verbose addRemoteTarball [ 'https://registry.npmjs.org/jit-grunt/-/jit-grunt-0.10.0.tgz',
59 verbose addRemoteTarball   '008c3a7fe1e96bd0d84e260ea1fa1783457f79c2' ]
60 info retry fetch attempt 1 at 7:17:28 PM
61 info attempt registry request try #1 at 7:17:28 PM
62 http fetch GET https://registry.npmjs.org/jit-grunt/-/jit-grunt-0.10.0.tgz
63 http fetch 200 https://registry.npmjs.org/jit-grunt/-/jit-grunt-0.10.0.tgz
64 silly fetchAndShaCheck shasum 008c3a7fe1e96bd0d84e260ea1fa1783457f79c2
65 verbose addTmpTarball /tmp/npm-5440-369ff36b/registry.npmjs.org/jit-grunt/-/jit-grunt-0.10.0.tgz not in flight; adding
66 verbose addTmpTarball already have metadata; skipping unpack for jit-grunt@0.10.0
67 verbose correctMkdir /var/root/.npm correctMkdir not in flight; initializing
68 silly cache afterAdd jit-grunt@0.10.0
69 verbose afterAdd /var/root/.npm/jit-grunt/0.10.0/package/package.json not in flight; writing
70 verbose correctMkdir /var/root/.npm correctMkdir not in flight; initializing
71 verbose afterAdd /var/root/.npm/jit-grunt/0.10.0/package/package.json written
72 silly loadAllDepsIntoIdealTree Finishing
73 silly loadIdealTree Finishing
74 silly currentTree lib
75 silly idealTree lib
75 silly idealTree └── jit-grunt@0.10.0
76 silly generateActionsToTake Starting
77 silly install generateActionsToTake
78 silly generateActionsToTake Finishing
79 silly diffTrees action count 1
80 silly diffTrees add jit-grunt@0.10.0
81 silly decomposeActions action count 8
82 silly decomposeActions fetch jit-grunt@0.10.0
83 silly decomposeActions extract jit-grunt@0.10.0
84 silly decomposeActions test jit-grunt@0.10.0
85 silly decomposeActions preinstall jit-grunt@0.10.0
86 silly decomposeActions build jit-grunt@0.10.0
87 silly decomposeActions install jit-grunt@0.10.0
88 silly decomposeActions postinstall jit-grunt@0.10.0
89 silly decomposeActions finalize jit-grunt@0.10.0
90 silly runTopLevelLifecycles Starting
91 silly executeActions Starting
92 silly install executeActions
93 silly doSerial global-install 0
94 silly doParallel fetch 1
95 verbose correctMkdir /var/root/.npm/_locks correctMkdir not in flight; initializing
96 verbose lock using /var/root/.npm/_locks/staging-3a08f0df5026584d.lock for /usr/local/lib/node_modules/.staging
97 silly doParallel extract 1
98 silly extract jit-grunt@0.10.0
99 verbose unbuild lib/node_modules/.staging/jit-grunt-4e0ef5a5
100 silly gentlyRm /usr/local/lib/node_modules/.staging/jit-grunt-4e0ef5a5 is being purged from base /usr/local
101 verbose gentlyRm don't care about contents; nuking /usr/local/lib/node_modules/.staging/jit-grunt-4e0ef5a5
102 verbose tar unpack /var/root/.npm/jit-grunt/0.10.0/package.tgz
103 verbose tar unpacking to /usr/local/lib/node_modules/.staging/jit-grunt-4e0ef5a5
104 silly gentlyRm /usr/local/lib/node_modules/.staging/jit-grunt-4e0ef5a5 is being purged
105 verbose gentlyRm don't care about contents; nuking /usr/local/lib/node_modules/.staging/jit-grunt-4e0ef5a5
106 silly gunzTarPerm modes [ '755', '644' ]
107 silly gunzTarPerm extractEntry package.json
108 silly gunzTarPerm extractEntry README.md
109 silly gunzTarPerm extractEntry jit-grunt.js
110 silly gunzTarPerm extractEntry lib/jit-grunt.js
111 verbose stack TypeError: uid must be an unsigned int
111 verbose stack     at TypeError (native)
111 verbose stack     at Object.fs.chown (fs.js:1190:11)
111 verbose stack     at Object.chown (/usr/local/lib/node_modules/npm/node_modules/graceful-fs/polyfills.js:231:17)
111 verbose stack     at Array.<anonymous> (/usr/local/lib/node_modules/npm/node_modules/slide/lib/bind-actor.js:15:8)
111 verbose stack     at LOOP (/usr/local/lib/node_modules/npm/node_modules/slide/lib/chain.js:15:14)
111 verbose stack     at /usr/local/lib/node_modules/npm/node_modules/slide/lib/chain.js:18:7
111 verbose stack     at /usr/local/lib/node_modules/npm/node_modules/graceful-fs/polyfills.js:211:18
111 verbose stack     at FSReqWrap.oncomplete (fs.js:123:15)
112 verbose cwd /Users/madsid/Documents/webapps
113 error Darwin 15.6.0
114 error argv "/usr/local/bin/node" "/usr/local/bin/npm" "-g" "install" "jit-grunt"
115 error node v6.5.0
116 error npm  v3.10.8
117 error uid must be an unsigned int
118 error If you need help, you may report this error at:
118 error     <https://github.com/npm/npm/issues>
119 verbose exit [ 1, true ]
